<?xml version="1.0" encoding="UTF-8"?>
<!-- Generated by org.testng.reporters.JUnitReportReporter -->
<testsuite hostname="Acharya" failures="0" tests="1" name="Base.Base_Class" time="7.117" errors="0" timestamp="2023-07-11T12:48:20 IST" skipped="0">
  <testcase classname="Base.Base_Class" name="setup" time="7.117"/>
</testsuite> <!-- Base.Base_Class -->
